【普通人改变命运的第八个机会？】@饭统戴老板：在那篇《改变命运的七次机遇》里我没提股市，原因很简单：尽管90年代起历经多轮牛市、不乏全民参与的疯牛，但纯靠炒股改变命运的并不多，其中相当一部分人还是专业做资产管理的，“拿别人的钱炒股、拿自己的钱炒房”，这才能改变命运。希望这次不一样，祝大噶好运！
https://mp.weixin.qq.com/s/_LDXEQ2pvh63jp5S_ayoWg
这部花1.7亿美元翻拍的电影，还不如八十年前的原版：要想马戏成功，关键就是要保持「神秘感」，让神秘感丧失殆尽，就是真人版《小飞象》失败最关键的原因。
https://mp.weixin.qq.com/s/sVJaUXygld_ENWkrMXGkfg
【高龄肺高压产妇去世：生前求生欲强烈，感到自责和后悔】4月1日，曾经的高龄网红产妇吴梦去世。2018年6月，患有先天性心脏病合并重度肺动脉高压的孕产妇吴梦不顾医生劝阻，生下一子。2018年12月，吴梦因感染住院。家人称其生前求生欲强烈，也感到自责和后悔。医生曾称“是以爱的名义绑架了医院和医生”。
http://n.miaopai.com/media/8ZLZtoHuwds0j1C7wsFHlP2jmjombTpA
【湖南大学官微发布关于刘梦洁硕士学位论文涉嫌学术不端问题的调查及处理说明】决定撒销涉事的刘梦洁硕士学位，给予其导师洪源警告处分，取消其导师资格，调离教学岗位。3月27日，云南财经大学一教师发帖称，湖南大学硕士毕业生刘梦洁的学位论文涉嫌抄袭她的博士论文选题，该选题同时也是其国家自然科学基金项目。
https://app.bjtitle.com/8816/newshow.php?newsid=5273456
【愚人节过去，汉堡王的素肉汉堡却留了下来】动物肌肉中含有丰富的血红素，而使用植物中的血红素能让素肉吃起来和真肉一样。素肉皇堡的价格比真肉皇堡贵1美元。顾客对以植物为基础的汉堡的接受程度很高，也不在乎多花一点钱，因为它对健康有益。
https://www.jiemian.com/article/3006904.html
不需要昂贵的 Photoshop，这 7 款免费网页工具想帮你「轻量化」处理图片
https://sspai.com/post/53835
【极尽奢华，阿联酋航空为何要冒险打造空中的丽思卡尔顿酒店？】阿航正在押注，凭借其高端机票的高利润率，公司不必苦苦追逐大批奔着打折经济舱而来的乘客。该理念有可能颠覆大型航空公司求发展的其中一个信条。 “以前，阿航提供的一些服务被视为噱头。现在没人嘲笑他们了。”
https://mp.weixin.qq.com/s/_AiGGaI1QzDb33fIi76H_w
“涨停敢死队三剑客”之一舒逸民操纵股票被罚4700万元，曾与徐翔并称“宁波敢死队”双雄
https://mp.weixin.qq.com/s/vjEqAtyGn8LE-N6o5VAiGQ
ofo破产？其运营主体拜克洛克首次现身全国破产信息网
http://www.bjnews.com.cn/finance/2019/04/02/563489.html
【“我还是当初那个惠英红” 】三年前，她在《幸运是我》里出演了患有阿兹海默症的芬姨，这个角色为她斩获了人生中的第三座金像奖影后；两年前在《血观音》里，她饰演了在政治舞台上穿梭的棠夫人，并首度摘获金马奖影后；去年，她出演了《翠丝》里一位跨性别者的妻子，这一角色让她获得了今年金像奖最佳女配角的提名
https://107cine.com/stream/108914/
【百度将和长沙合作，进行自动驾驶出租车队的商业化运营】李彦宏表示，2019下半年，百度将会和长沙合作，从一些划定区域开始尝试智能交通的落地——百度将进行自动驾驶出租车队的商业化运营，预计2019年下半年，普通市民即可有机会在长沙打到无人驾驶出租车。​​​
http://tech.qq.com/a/20190402/007106.htm
“我的呆，他抢走了我的呆！”​​​
http://dig.chouti.com/pic/show?nid=a267344aded6a041639684af8c8fa0ba&lid=25453566
【常州一动物园愚人节找人扮“假猩猩”，没想到有人生气了】照片一发到网上，把大家都逗乐了。有网友甚至从“假猩猩”上班的样子看到了“星期一上班”的自己。然而，部分网友却生气了，认为动物园此举很“过分”，是“哗众取宠”，质问“真猩猩去哪儿了”？
https://www.guancha.cn/politics/2019_04_02_496035_s.shtml
寂寞男孩陈道明专场K歌会
https://mp.weixin.qq.com/s/GOm52n_5RejmvrKJAM9wTQ
诚实的日本老男人们
http://dig.chouti.com/pic/show?nid=f8a80309763ed2ac3f5af0802dd794b0&lid=25451871
【孙英杰：退役时我像孩子一样无助】02年釜山亚运会，孙英杰包揽了5000米和万米两枚金牌。03年田径世锦赛，她和刘翔为中国赢得了仅有的两枚奖牌。2006年，经历了“兴奋剂事件”、“讨薪”、“控诉教练长期殴打”一系列幽暗困顿后，孙英杰趁教练王德显带队出去比赛时，“跑出来了”，媒体称为“师徒彻底决裂”。
https://mp.weixin.qq.com/s/oOO-YmD1B7KBT8ocr-wWxA
【万科天地“商改住”项目陷退房风波】在签约中心谈合同时，售楼处的人展示了以商业办公项目为名，但完全按照居住功能装修后的房屋式样，并向其保证绝对能够居住。但收房时他们发现，二层阁楼净高仅为1.56米，窗户弯着腰才能打开。
http://www.ceweekly.cn/2019/0401/253385.shtml
Google AI 伦理委员会成立还不到一周，就遇到了大麻烦
http://www.qdaily.com/articles/62606.html
柔道运动员马端斌实名举报初步调查情况通报：被举报人有滥伐幼林的问题，已停职
https://www.thepaper.cn/newsDetail_forward_3241067
两集封神！豆瓣9.4，这部少儿不宜太敢拍
https://mp.weixin.qq.com/s/A3LsshWzLu0SiDat2BFCvw
Visual Capitalist的一份可视化图标直观的展示了苹果、亚马逊、Google、微软和Facebook五大科技巨头去年的营收结构。​​​可以看出，微软在五巨头中收入最为多元化，这也是微软目前市值最高的原因。Facebook则是收入的98.5%都来自广告，最为“纯净”。
http://dig.chouti.com/pic/show?nid=fb836888e1a8501d83eb98eed9f5b242&lid=25451191
牧鸭子的边牧
http://n.miaopai.com/media/VWEd3bj6ufYqZobcH0fjckT~E1RVIMXf
【万家丽的黄总请我去他家玩 他家比商场更硬核】走到11楼”文化大观园”的”中华复兴馆”，一整面墙是南京受降图，另面墙湘籍开国将领群像，里面有位驻场专门扮演蒋介石的特型演员，还有两位女服务员轮班，一位COSPLAY成国民党女特务造性，另一位是女红军；黄总说：”代表湖南人彻底把他打败了，软禁在这练书法”
https://www.douban.com/note/712700445/
KAWS，曾经你当他只是UT，昨天他拍出一亿
https://www.huxiu.com/article/292318.html?f=chouti
【兴哥：我不是吕布，我其实更想捉放曹】我和朱啸虎天生相克，我做美团，他投拉手；他投ofo，我收摩拜；他投滴滴，我也做美团出行；听说他也看过微影，还好他没投，微影后来与猫眼合并，那就无法王兴向左，朱啸虎向右了。
https://mp.weixin.qq.com/s/qN88GfSq0EVLarPH-QjbSg
