【中国真的没有职业化消防吗】如果这个问题的范围限于中国大陆，那答案是：曾经有。1984年，改革开放第一城深圳开始试验消防职业化改革，建立了中国内地第一支公务员编制职业化消防队；2009年4月2日，深圳举行灭火救援和消防监督机构分设仪式，对原有消防系统职能进行重大调整，意味着消防职业化改革在深圳的失败
https://mp.weixin.qq.com/s/joHfTPd7Jaz2amMjauVcMw
泰坦巨蟒(Titanoboa)，史上最大的蛇，生活在六千万年到五千万年前
http://dig.chouti.com/pic/show?nid=246dc3e1284728aca5380bfae495b774&lid=25460316
牛的超级脓肿 腿鼓鼓的一大包，这不是肌肉，而是感染的脓肿，里面除了脓就是脓...必须切开放水~
http://dig.chouti.com/pic/show?nid=ec0932e372c381d5b8525426b1a72a83&lid=25460306
泰国低成本COSPLAY小哥之海贼王
http://dig.chouti.com/pic/show?nid=30b395be8ca2dc8da074ac66b3ad748d&lid=25459521
曾经“还湖于民”的西湖，这一次要被圈起来了
https://mp.weixin.qq.com/s/YwwrxKN-coYZLidhgJ5OzA
【从考研说起：大学、职场、个人选择】我们做资讯流产品，用到机器学习，绞尽脑汁来优化各项产品指标：点击率、人均阅读时长、留存率等。这套系统，也叫多目标学习系统，同时优化多个指标。不同阶段，指标之间有所偏重。人生又何尝不是这样呢，不要死磕单一指标，全局着眼，求学、工作、婚姻，多维度来优化自己的人生路径。
https://mp.weixin.qq.com/s/jtPoM6b_SIn_s1648_XfuA
很多中国婚姻，是活死人墓婚姻。
https://weibo.com/1301890202/HnNLC3v57
几个多年未见的同学约好五一聚会，都结婚了要求都带家属。问题是其中一个是我前女友，我媳妇也知道她的事。我觉得去了见面会挺尴尬的，但也确实想和几个老同学见见，我要不要去参加？我该怎么给媳妇说这事？求老哥解答...
/link/25459196
今年首批进口游戏版号下发：其中，游族网络和腾讯的《权力的游戏·凛冬将至》、网易的《迷室3》、完美世界的《洪潮之焰》等游戏获批。
https://mwegame.qq.com/u/t/7631rkS
老三大对阵灭霸！《复仇者联盟4：终局之战》放出全新预告
https://www.gcores.com/articles/108124
【比特币一天暴涨近20%背后的推手是谁？】由于没有直接的利好消息，对于比特币这波突如其来的暴动的幕后推手，市场众说纷纭，包括量化交易、ETF愚人节乌龙到技术性反弹。
https://wallstreetcn.com/articles/3505362
演员赵立新今天凌晨因为发表了一些不恰当言论引发了争议，同时被紫光阁转发评论。去年，赵立新参加综艺节目《声临其境》，因其娴熟掌握多国语言、高学历演技佳而走红。他留学俄罗斯拿下导演系硕士学位，曾担任瑞典国家话剧院导演，回国发展后最出彩的角色是《大明王朝》里的商人沈一石。
https://weibo.com/5255814135/HnIZolks2
无人应答的森林救火队丨凉山森林火灾逝者
https://mp.weixin.qq.com/s/iF5sM4cg-xYgQ-ClzyI3DQ
【纽约时报为何不与苹果合作？不想要中间商】据报道，苹果公司新推出的Apple News 服务之所以没有得到《华盛顿邮报》和《纽约时报》支持，主要是因为这两家报纸担心失去与读者的“直接联系”，最终还可能影响公司利润。按照原计划，苹果至少要与《华盛顿邮报》和《纽约时报》中的一家签署合作关系。
https://tech.sina.com.cn/i/2019-04-02/doc-ihtxyzsm2658811.shtml
【普通人改变命运的第八个机会？】@饭统戴老板：在那篇《改变命运的七次机遇》里我没提股市，原因很简单：尽管90年代起历经多轮牛市、不乏全民参与的疯牛，但纯靠炒股改变命运的并不多，其中相当一部分人还是专业做资产管理的，“拿别人的钱炒股、拿自己的钱炒房”，这才能改变命运。希望这次不一样，祝大噶好运！
https://mp.weixin.qq.com/s/_LDXEQ2pvh63jp5S_ayoWg
这部花1.7亿美元翻拍的电影，还不如八十年前的原版：要想马戏成功，关键就是要保持「神秘感」，让神秘感丧失殆尽，就是真人版《小飞象》失败最关键的原因。
https://mp.weixin.qq.com/s/sVJaUXygld_ENWkrMXGkfg
【高龄肺高压产妇去世：生前求生欲强烈，感到自责和后悔】4月1日，曾经的高龄网红产妇吴梦去世。2018年6月，患有先天性心脏病合并重度肺动脉高压的孕产妇吴梦不顾医生劝阻，生下一子。2018年12月，吴梦因感染住院。家人称其生前求生欲强烈，也感到自责和后悔。医生曾称“是以爱的名义绑架了医院和医生”。
http://n.miaopai.com/media/8ZLZtoHuwds0j1C7wsFHlP2jmjombTpA
【湖南大学官微发布关于刘梦洁硕士学位论文涉嫌学术不端问题的调查及处理说明】决定撒销涉事的刘梦洁硕士学位，给予其导师洪源警告处分，取消其导师资格，调离教学岗位。3月27日，云南财经大学一教师发帖称，湖南大学硕士毕业生刘梦洁的学位论文涉嫌抄袭她的博士论文选题，该选题同时也是其国家自然科学基金项目。
https://app.bjtitle.com/8816/newshow.php?newsid=5273456
【愚人节过去，汉堡王的素肉汉堡却留了下来】动物肌肉中含有丰富的血红素，而使用植物中的血红素能让素肉吃起来和真肉一样。素肉皇堡的价格比真肉皇堡贵1美元。顾客对以植物为基础的汉堡的接受程度很高，也不在乎多花一点钱，因为它对健康有益。
https://www.jiemian.com/article/3006904.html
不需要昂贵的 Photoshop，这 7 款免费网页工具想帮你「轻量化」处理图片
https://sspai.com/post/53835
【极尽奢华，阿联酋航空为何要冒险打造空中的丽思卡尔顿酒店？】阿航正在押注，凭借其高端机票的高利润率，公司不必苦苦追逐大批奔着打折经济舱而来的乘客。该理念有可能颠覆大型航空公司求发展的其中一个信条。 “以前，阿航提供的一些服务被视为噱头。现在没人嘲笑他们了。”
https://mp.weixin.qq.com/s/_AiGGaI1QzDb33fIi76H_w
“涨停敢死队三剑客”之一舒逸民操纵股票被罚4700万元，曾与徐翔并称“宁波敢死队”双雄
https://mp.weixin.qq.com/s/vjEqAtyGn8LE-N6o5VAiGQ
ofo破产？其运营主体拜克洛克首次现身全国破产信息网
http://www.bjnews.com.cn/finance/2019/04/02/563489.html
【“我还是当初那个惠英红” 】三年前，她在《幸运是我》里出演了患有阿兹海默症的芬姨，这个角色为她斩获了人生中的第三座金像奖影后；两年前在《血观音》里，她饰演了在政治舞台上穿梭的棠夫人，并首度摘获金马奖影后；去年，她出演了《翠丝》里一位跨性别者的妻子，这一角色让她获得了今年金像奖最佳女配角的提名
https://107cine.com/stream/108914/
【百度将和长沙合作，进行自动驾驶出租车队的商业化运营】李彦宏表示，2019下半年，百度将会和长沙合作，从一些划定区域开始尝试智能交通的落地——百度将进行自动驾驶出租车队的商业化运营，预计2019年下半年，普通市民即可有机会在长沙打到无人驾驶出租车。​​​
http://tech.qq.com/a/20190402/007106.htm
